0 info it worked if it ends with ok
1 verbose cli [ '/Users/liuliping/.nvm/versions/node/v6.10.0/bin/node',
1 verbose cli   '/Users/liuliping/.nvm/versions/node/v6.10.0/bin/npm',
1 verbose cli   'start' ]
2 info using npm@2.15.11
3 info using node@v6.10.0
4 verbose run-script [ 'prestart', 'start', 'poststart' ]
5 info prestart test-one@0.0.0
6 info start test-one@0.0.0
7 verbose unsafe-perm in lifecycle true
8 info test-one@0.0.0 Failed to exec start script
9 verbose stack Error: test-one@0.0.0 start: `node ./bin/www`
9 verbose stack Exit status 1
9 verbose stack     at EventEmitter.<anonymous> (/Users/liuliping/.nvm/versions/node/v6.10.0/lib/node_modules/npm/lib/utils/lifecycle.js:217:16)
9 verbose stack     at emitTwo (events.js:106:13)
9 verbose stack     at EventEmitter.emit (events.js:191:7)
9 verbose stack     at ChildProcess.<anonymous> (/Users/liuliping/.nvm/versions/node/v6.10.0/lib/node_modules/npm/lib/utils/spawn.js:24:14)
9 verbose stack     at emitTwo (events.js:106:13)
9 verbose stack     at ChildProcess.emit (events.js:191:7)
9 verbose stack     at maybeClose (internal/child_process.js:877:16)
9 verbose stack     at Process.ChildProcess._handle.onexit (internal/child_process.js:226:5)
10 verbose pkgid test-one@0.0.0
11 verbose cwd /Users/liuliping/test/test_one
12 error Darwin 16.4.0
13 error argv "/Users/liuliping/.nvm/versions/node/v6.10.0/bin/node" "/Users/liuliping/.nvm/versions/node/v6.10.0/bin/npm" "start"
14 error node v6.10.0
15 error npm  v2.15.11
16 error code ELIFECYCLE
17 error test-one@0.0.0 start: `node ./bin/www`
17 error Exit status 1
18 error Failed at the test-one@0.0.0 start script 'node ./bin/www'.
18 error This is most likely a problem with the test-one package,
18 error not with npm itself.
18 error Tell the author that this fails on your system:
18 error     node ./bin/www
18 error You can get information on how to open an issue for this project with:
18 error     npm bugs test-one
18 error Or if that isn't available, you can get their info via:
18 error
18 error     npm owner ls test-one
18 error There is likely additional logging output above.
19 verbose exit [ 1, true ]
